Arguments: 
  /Users/zoltan/.fnm/node-versions/v16.10.0/installation/bin/node /usr/local/bin/yarn add @types/faker

PATH: 
  /usr/local/opt/mysql@5.7/bin:/Users/zoltan/.pyenv/shims:/Users/zoltan/.sdkman/candidates/java/current/bin:/var/folders/5s/r1ssygh96blg1fm05h6x0w2r0000gn/T/fnm_multishells/64601_1633267714013/bin:/Users/zoltan/.rbenv/shims:/usr/local/bin:/usr/bin:/bin:/usr/sbin:/sbin:/Applications/VMware Fusion.app/Contents/Public:/Library/Apple/usr/bin:/Users/zoltan/.cargo/bin:/Users/zoltan/projects/redis-performance-experiment/node_modules/.bin:/Users/zoltan/.fzf/bin

Yarn version: 
  1.22.15

Node version: 
  16.10.0

Platform: 
  darwin x64

Trace: 
  SyntaxError: /Users/zoltan/projects/redis-performance-experiment/package.json: Unexpected token } in JSON at position 297
      at JSON.parse (<anonymous>)
      at /Users/zoltan/.config/yarn/global/node_modules/yarn/lib/cli.js:1625:59
      at Generator.next (<anonymous>)
      at step (/Users/zoltan/.config/yarn/global/node_modules/yarn/lib/cli.js:310:30)
      at /Users/zoltan/.config/yarn/global/node_modules/yarn/lib/cli.js:321:13

npm manifest: 
  {
    "name": "redis-performance-experiment",
    "version": "1.0.0",
    "main": "src/try-redis.js",
    "type": "module",
    "license": "MIT",
    "dependencies": {
      "@types/ioredis": "^4.27.5",
      "@types/node": "^16.10.2",
      "faker": "^5.5.3",
      "ioredis": "^4.27.9",
      "redis": "^4.0.0-rc.2"
    },
  }

yarn manifest: 
  No manifest

Lockfile: 
  # THIS IS AN AUTOGENERATED FILE. DO NOT EDIT THIS FILE DIRECTLY.
  # yarn lockfile v1
  
  
  "@types/faker@^5.5.8":
    version "5.5.8"
    resolved "https://registry.yarnpkg.com/@types/faker/-/faker-5.5.8.tgz#6649adfdfdbb0acf95361fc48f2d0ca6e88bd1cf"
    integrity sha512-bsl0rYsaZVHlZkynL5O04q6YXDmVjcid6MbOHWqvtE2WWs/EKhp0qchDDhVWlWyQXUffX1G83X9LnMxRl8S/Mw==
  
  "@types/ioredis@^4.27.5":
    version "4.27.5"
    resolved "https://registry.yarnpkg.com/@types/ioredis/-/ioredis-4.27.5.tgz#f3bd216d8fdd02e831fbac0fbdcf418a4a46b0f9"
    integrity sha512-RA8Ba0MPNjCSwukqJlapzu4KRT/MokzauUHbHAfOJtgw93pZ0vX/BBmYvodp2kzIU5bwYycH9n6pGBJaysPqxQ==
    dependencies:
      "@types/node" "*"
  
  "@types/node@*", "@types/node@^16.10.2":
    version "16.10.2"
    resolved "https://registry.yarnpkg.com/@types/node/-/node-16.10.2.tgz#5764ca9aa94470adb4e1185fe2e9f19458992b2e"
    integrity sha512-zCclL4/rx+W5SQTzFs9wyvvyCwoK9QtBpratqz2IYJ3O8Umrn0m3nsTv0wQBk9sRGpvUe9CwPDrQFB10f1FIjQ==
  
  cluster-key-slot@1.1.0, cluster-key-slot@^1.1.0:
    version "1.1.0"
    resolved "https://registry.yarnpkg.com/cluster-key-slot/-/cluster-key-slot-1.1.0.tgz#30474b2a981fb12172695833052bc0d01336d10d"
    integrity sha512-2Nii8p3RwAPiFwsnZvukotvow2rIHM+yQ6ZcBXGHdniadkYGZYiGmkHJIbZPIV9nfv7m/U1IPMVVcAhoWFeklw==
  
  debug@^4.3.1:
    version "4.3.2"
    resolved "https://registry.yarnpkg.com/debug/-/debug-4.3.2.tgz#f0a49c18ac8779e31d4a0c6029dfb76873c7428b"
    integrity sha512-mOp8wKcvj7XxC78zLgw/ZA+6TSgkoE2C/ienthhRD298T7UNwAg9diBpLRxC0mOezLl4B0xV7M0cCO6P/O0Xhw==
    dependencies:
      ms "2.1.2"
  
  denque@^1.1.0:
    version "1.5.1"
    resolved "https://registry.yarnpkg.com/denque/-/denque-1.5.1.tgz#07f670e29c9a78f8faecb2566a1e2c11929c5cbf"
    integrity sha512-XwE+iZ4D6ZUB7mfYRMb5wByE8L74HCn30FBN7sWnXksWc1LO1bPDl67pBR9o/kC4z/xSNAwkMYcGgqDV3BE3Hw==
  
  faker@^5.5.3:
    version "5.5.3"
    resolved "https://registry.yarnpkg.com/faker/-/faker-5.5.3.tgz#c57974ee484431b25205c2c8dc09fda861e51e0e"
    integrity sha512-wLTv2a28wjUyWkbnX7u/ABZBkUkIF2fCd73V6P2oFqEGEktDfzWx4UxrSqtPRw0xPRAcjeAOIiJWqZm3pP4u3g==
  
  generic-pool@3.8.2:
    version "3.8.2"
    resolved "https://registry.yarnpkg.com/generic-pool/-/generic-pool-3.8.2.tgz#aab4f280adb522fdfbdc5e5b64d718d3683f04e9"
    integrity sha512-nGToKy6p3PAbYQ7p1UlWl6vSPwfwU6TMSWK7TTu+WUY4ZjyZQGniGGt2oNVvyNSpyZYSB43zMXVLcBm08MTMkg==
  
  ioredis@^4.27.9:
    version "4.27.9"
    resolved "https://registry.yarnpkg.com/ioredis/-/ioredis-4.27.9.tgz#c27bbade9724f0b8f84c279fb1d567be785ba33d"
    integrity sha512-hAwrx9F+OQ0uIvaJefuS3UTqW+ByOLyLIV+j0EH8ClNVxvFyH9Vmb08hCL4yje6mDYT5zMquShhypkd50RRzkg==
    dependencies:
      cluster-key-slot "^1.1.0"
      debug "^4.3.1"
      denque "^1.1.0"
      lodash.defaults "^4.2.0"
      lodash.flatten "^4.4.0"
      lodash.isarguments "^3.1.0"
      p-map "^2.1.0"
      redis-commands "1.7.0"
      redis-errors "^1.2.0"
      redis-parser "^3.0.0"
      standard-as-callback "^2.1.0"
  
  lodash.defaults@^4.2.0:
    version "4.2.0"
    resolved "https://registry.yarnpkg.com/lodash.defaults/-/lodash.defaults-4.2.0.tgz#d09178716ffea4dde9e5fb7b37f6f0802274580c"
    integrity sha1-0JF4cW/+pN3p5ft7N/bwgCJ0WAw=
  
  lodash.flatten@^4.4.0:
    version "4.4.0"
    resolved "https://registry.yarnpkg.com/lodash.flatten/-/lodash.flatten-4.4.0.tgz#f31c22225a9632d2bbf8e4addbef240aa765a61f"
    integrity sha1-8xwiIlqWMtK7+OSt2+8kCqdlph8=
  
  lodash.isarguments@^3.1.0:
    version "3.1.0"
    resolved "https://registry.yarnpkg.com/lodash.isarguments/-/lodash.isarguments-3.1.0.tgz#2f573d85c6a24289ff00663b491c1d338ff3458a"
    integrity sha1-L1c9hcaiQon/AGY7SRwdM4/zRYo=
  
  ms@2.1.2:
    version "2.1.2"
    resolved "https://registry.yarnpkg.com/ms/-/ms-2.1.2.tgz#d09d1f357b443f493382a8eb3ccd183872ae6009"
    integrity sha512-sGkPx+VjMtmA6MX27oA4FBFELFCZZ4S4XqeGOXCv68tT+jb3vk/RyaKWP0PTKyWtmLSM0b+adUTEvbs1PEaH2w==
  
  p-map@^2.1.0:
    version "2.1.0"
    resolved "https://registry.yarnpkg.com/p-map/-/p-map-2.1.0.tgz#310928feef9c9ecc65b68b17693018a665cea175"
    integrity sha512-y3b8Kpd8OAN444hxfBbFfj1FY/RjtTd8tzYwhUqNYXx0fXx2iX4maP4Qr6qhIKbQXI02wTLAda4fYUbDagTUFw==
  
  redis-commands@1.7.0:
    version "1.7.0"
    resolved "https://registry.yarnpkg.com/redis-commands/-/redis-commands-1.7.0.tgz#15a6fea2d58281e27b1cd1acfb4b293e278c3a89"
    integrity sha512-nJWqw3bTFy21hX/CPKHth6sfhZbdiHP6bTawSgQBlKOVRG7EZkfHbbHwQJnrE4vsQf0CMNE+3gJ4Fmm16vdVlQ==
  
  redis-errors@^1.0.0, redis-errors@^1.2.0:
    version "1.2.0"
    resolved "https://registry.yarnpkg.com/redis-errors/-/redis-errors-1.2.0.tgz#eb62d2adb15e4eaf4610c04afe1529384250abad"
    integrity sha1-62LSrbFeTq9GEMBK/hUpOEJQq60=
  
  redis-parser@3.0.0, redis-parser@^3.0.0:
    version "3.0.0"
    resolved "https://registry.yarnpkg.com/redis-parser/-/redis-parser-3.0.0.tgz#b66d828cdcafe6b4b8a428a7def4c6bcac31c8b4"
    integrity sha1-tm2CjNyv5rS4pCin3vTGvKwxyLQ=
    dependencies:
      redis-errors "^1.0.0"
  
  redis@^4.0.0-rc.2:
    version "4.0.0-rc.2"
    resolved "https://registry.yarnpkg.com/redis/-/redis-4.0.0-rc.2.tgz#4c744c481aa21af47ceb666f7b59931f795b6b13"
    integrity sha512-zhT4Vj0xegPNoGwwJ1eeAuoPSvPkVcGImB84whSiyzy+RCdSqk/Hsw2c72Nr6UBMvq9Evd+vgKy4LGLiDbaVDA==
    dependencies:
      cluster-key-slot "1.1.0"
      generic-pool "3.8.2"
      redis-parser "3.0.0"
      yallist "4.0.0"
  
  standard-as-callback@^2.1.0:
    version "2.1.0"
    resolved "https://registry.yarnpkg.com/standard-as-callback/-/standard-as-callback-2.1.0.tgz#8953fc05359868a77b5b9739a665c5977bb7df45"
    integrity sha512-qoRRSyROncaz1z0mvYqIE4lCd9p2R90i6GxW3uZv5ucSu8tU7B5HXUP1gG8pVZsYNVaXjk8ClXHPttLyxAL48A==
  
  yallist@4.0.0:
    version "4.0.0"
    resolved "https://registry.yarnpkg.com/yallist/-/yallist-4.0.0.tgz#9bb92790d9c0effec63be73519e11a35019a3a72"
    integrity sha512-3wdGidZyq5PB084XLES5TpOSRA3wjXAlIWMhum2kRcv/41Sn2emQ0dycQW4uZXLejwKvg6EsvbdlVL+FYEct7A==
